HTTP/1.1 200 OK
date: ...
server: uvicorn
content-type: application/json
content-length: 1014

{
  "info": {
    "title": "User Events",
    "version": "1.0.0"
  },
  "channels": {
    "user/update": {
      "publish": {
        "message": {
          "$ref": "#/components/messages/UserUpdate"
        }
      },
      "subscribe": {
        "operationId": "receive_user_update",
        "message": {
          "$ref": "#/components/messages/UserUpdate"
        }
      }
    }
  },
  "servers": {
    "development": {
      "url": "localhost",
      "protocol": "redis"
    }
  },
  "components": {
    "messages": {
      "UserUpdate": {
        "payload": {
          "type": "object",
          "properties": {
            "id": {
              "type": "string"
            },
            "name": {
              "type": "string"
            },
            "age": {
              "type": "integer"
            }
          },
          "required": [
            "id"
          ]
        },
        "name": "userUpdate"
      }
    }
  },
  "defaultContentType": "application/json",
  "asyncapi": "2.0.0"
}