HTTP/1.1 200 OK
date: ...
server: uvicorn
content-type: application/x-yaml
content-length: 510

asyncapi: 2.0.0
channels:
  user/update:
    subscribe:
      message:
        name: user/update
        payload:
          properties:
            age:
              type: integer
            id:
              type: string
            name:
              type: string
          required:
          - id
          type: object
      operationId: receive_user_update
defaultContentType: application/json
info:
  title: User Events
  version: 1.0.0
servers:
  development:
    protocol: redis
    url: localhost
