HTTP/1.1 200 OK
date: ...
server: uvicorn
content-type: text/html; charset=utf-8
content-length: 13653

<!DOCTYPE html>
<html lang="en">
<head>
  <meta charset="UTF-8">
  
  <title>User API 1.0.0 documentation</title>
  <meta name="viewport" content="width=device-width, initial-scale=1.0">
  <link href="css/tailwind.min.css" rel="stylesheet">
  <link rel="stylesheet" href="css/atom-one-dark.min.css" />
  <link rel="stylesheet" href="css/main.css" />
</head>
<body>
  <div class="relative md:flex lg:flex xl:flex">
    

<input id="burger-menu" type="checkbox" />
<label for="burger-menu" class="shadow">
  <div class="wrapper">
    <span></span>
    <span></span>
    <span></span>
  </div>
</label>
<div class="sidebar-panel fixed pin-t pin-l pin-b w-64 bg-grey-lighter font-sans pt-8 pr-4 pb-4 pl-4">
  <div class="sidebar-panel__content">
    
    <h1 class="text-2xl font-thin">User API 1.0.0</h1>
    
    <ul class="text-sm mt-10 list-reset mt-2">
      <li class="mb-3">
        <a class="js-menu-item text-grey-darkest no-underline" href="#introduction">Introduction</a>
      </li>
      
      <li class="mb-3">
        <a class="js-menu-item text-grey-darkest no-underline" href="#servers">Servers</a>
      </li>
      
    </ul>
    
    <h2 class="text-xs uppercase text-grey mt-10 mb-4 font-thin">Operations</h2>
    <ul class="text-sm list-reset mt-2">
      

      <!--Without tags in sidebar-->
      
      <li>
        
        <a class="js-menu-item flex break-words no-underline text-grey-darkest mt-8 sm:mt-8 md:mt-3"
          href="#operation-publish-user-update">
          <span class="bg-blue-dark font-bold h-6 no-underline text-white uppercase p-1 mr-2 rounded"
            style="height: 21px;font-size: 11px;" title="Publish">Pub</span>
          
          <div style="display:inline-block;">
            <span class="string-chunk" style="padding-top: 2px;">
              user-update
            </span>
          </div>
          
        </a>
        
        
        </a>
      </li>
      
    </ul>
    
    <h2 class="text-xs uppercase text-grey mt-10 mb-4 font-thin">Messages</h2>
    <ul class="text-sm list-reset mt-2">
      
        <a class="js-menu-item flex break-words no-underline text-grey-darkest mt-8 sm:mt-8 md:mt-3"
          href="#message-UserUpdate">
          <div style="display:inline-block;">
            
<span class="string-chunk" style="padding-top: 2px;">UserUpdate</span>

          </div>
        </a>
      
    </ul>
    
  </div>
</div>
    <div class="content-panel flex-1 leading-loose z-10">
      <div class="center-block p-8">
  <a name="introduction"></a>
  <h1>User API 1.0.0</h1>
  <div class="leading-normal mb-4">
    
    
  </div>

  <div class="markdown">
    <p>API to manage users</p>
  </div>


  <div class="leading-normal mb-4">
    
  </div>
</div>


<a name="servers"></a>
<div class="center-block p-8">

  <h2 class="mb-4">Servers</h2>

  
    <div class="shadow bg-grey-lighter mb-3 px-4 py-3">
      <div class="flex">
        <div>
          <div class="pr-4 font-mono">
            
<span class="string-chunk" >asyncapi-local</span>


            
            <span class="bg-teal font-sans font-bold no-underline text-white uppercase rounded ml-2"
              style="height: 20px;font-size: 11px;padding: 3px;">gcloud-pubsub</span>
            
          </div>
          <div class="text-xs text-grey-dark">
            <p>Development Broker Server</p>
          </div>
        </div>
      </div>

      

      
    </div>
  

</div>




<a name="operations"></a>
<h2 class="ml-8">Operations</h2>


  <div class="responsive-container">
    
      

<a name="operation-publish-user-update"></a>
<div class="center-block p-8">
  <div class="operation pt-8 pb-8">
    <h3 class="font-mono text-base">
      
      <span class="font-mono border border-blue text-blue uppercase p-1 rounded" title="Publish">Pub</span>
      
      
      user-update
    </h3>

    
      <div class="mt-4 mb-4 markdown"><p>Topic for user updates</p></div>
    

    

    



    


    
    <p>Accepts the following message:</p>
    
<div class="bg-grey-lighter rounded p-4 mt-2">
  <div class="text-sm text-grey-darker mb-2">
    
    
      User Update
      <span class="border text-orange rounded text-xs ml-3 py-0 px-2">userUpdate</span>
    
  </div>

  
    <p class="text-grey-dark text-sm">Inform about users updates</p>
  
  
  

  

  

<div>
  

<div class="bg-grey-lighter  rounded">
  <div class="is-open">
    <div class="js-prop cursor-pointer py-2 flex property">
      <div class="pr-4" style="margin-top:-2px; min-width: 25%;">
        <span class="text-sm" style="word-break: break-word;">Payload</span>
        
        <svg class="expand" version="1.1" viewBox="0 0 24 24" x="0"
          xmlns="http://www.w3.org/2000/svg" y="0">
          <polygon points="17.3 8.3 12 13.6 6.7 8.3 5.3 9.7 12 16.4 18.7 9.7 "></polygon>
        </svg>
        
        
        
      </div>

      <div>
        <div class="capitalize text-sm text-teal font-bold">
          
object
          
          
          
          <div class="inline-block">
            
            
            
            
            
            
            
            
            
            
            
          </div>
        </div>

        
        
        
        
        
      </div>
    </div>

    
      <div class="children bg-grey-lightest py-4 rounded">
        
          
            
              

<div class="bg-grey-lightest pl-8 pr-8 rounded">
  <div class="">
    <div class=" flex property">
      <div class="pr-4" style="margin-top:-2px; min-width: 25%;">
        <span class="text-sm" style="word-break: break-word;">id</span>
        
        
          <div class="text-red-dark text-xs">required</div>
        
        
      </div>

      <div>
        <div class="capitalize text-sm text-teal font-bold">
          
string
          
          
          
          <div class="inline-block">
            
            
            
            
            
            
            
            
            
            
            
          </div>
        </div>

        
        
        
        
        
      </div>
    </div>

    
  </div>
</div>


            
          
            
              

<div class="bg-grey-lightest pl-8 pr-8 rounded">
  <div class="">
    <div class=" flex property">
      <div class="pr-4" style="margin-top:-2px; min-width: 25%;">
        <span class="text-sm" style="word-break: break-word;">name</span>
        
        
        
      </div>

      <div>
        <div class="capitalize text-sm text-teal font-bold">
          
string
          
          
          
          <div class="inline-block">
            
            
            
            
            
            
            
            
            
            
            
          </div>
        </div>

        
        
        
        
        
      </div>
    </div>

    
  </div>
</div>


            
          
            
              

<div class="bg-grey-lightest pl-8 pr-8 rounded">
  <div class="">
    <div class=" flex property">
      <div class="pr-4" style="margin-top:-2px; min-width: 25%;">
        <span class="text-sm" style="word-break: break-word;">age</span>
        
        
        
      </div>

      <div>
        <div class="capitalize text-sm text-teal font-bold">
          
integer
          
          
          
          <div class="inline-block">
            
            
            
            
            
            
            
            
            
            
            
          </div>
        </div>

        
        
        
        
        
      </div>
    </div>

    
  </div>
</div>


            
          
        

        
        

        

        
          
            <p class="pl-6 mb-2 mt-4 text-xs text-grey-darker">Additional properties are allowed.</p>
          
        

        

        

        
      </div>
    
  </div>
</div>


</div>


  
</div>


    

    



  </div>
</div>

<div class="right-block p-8">
  <h4 class="text-lg text-white mb-4">Examples</h4>

  
  

<form>
  <h5 class="examples-uid text-orange mt-4">userUpdate</h5>
  
    <div class="payload-examples mb-4 ">
      <div class="js-prop cursor-pointer  flex property">
        <span class="px-2 mr-2 text-grey-lightest text-sm border rounded focus:outline-none cursor-pointer">Payload</span>
        
          <svg class="expand" version="1.1" viewBox="0 0 24 24" x="0"
            xmlns="http://www.w3.org/2000/svg" y="0">
            <polygon points="17.3 8.3 12 13.6 6.7 8.3 5.3 9.7 12 16.4 18.7 9.7 "></polygon>
          </svg>
        
      </div>
      <div class="children payload-examples mt-4">
        
        <pre class="hljs mb-4 border border-grey-darkest rounded"><code>{
  "id": "string value",
  "name": "string value",
  "age": 1
}</code></pre>
        <h6 class="text-xs font-bold text-grey-darker italic">This example has been generated automatically.</h6>
        
      </div>
    </div>
  

  
</form>


  
</div>



    
  </div>
  <div class="responsive-container">
    
  </div>




<a name="messages"></a>
<h2 class="ml-8 mt-4">Messages</h2>

<div class="responsive-container">
  <div class="center-block p-8">
    <div class="pb-8">
      
      <a name="message-UserUpdate"></a>
      
<div class="bg-grey-lighter rounded p-4 mt-2">
  <div class="text-sm text-grey-darker mb-2">
    
    <span class="text-grey-darker font-bold mr-2">#1</span>
    
    
      User Update
      <span class="border text-orange rounded text-xs ml-3 py-0 px-2">userUpdate</span>
    
  </div>

  
    <p class="text-grey-dark text-sm">Inform about users updates</p>
  
  
  

  

  

<div>
  

<div class="bg-grey-lighter  rounded">
  <div class="">
    <div class="js-prop cursor-pointer py-2 flex property">
      <div class="pr-4" style="margin-top:-2px; min-width: 25%;">
        <span class="text-sm" style="word-break: break-word;">Payload</span>
        
        <svg class="expand" version="1.1" viewBox="0 0 24 24" x="0"
          xmlns="http://www.w3.org/2000/svg" y="0">
          <polygon points="17.3 8.3 12 13.6 6.7 8.3 5.3 9.7 12 16.4 18.7 9.7 "></polygon>
        </svg>
        
        
        
      </div>

      <div>
        <div class="capitalize text-sm text-teal font-bold">
          
object
          
          
          
          <div class="inline-block">
            
            
            
            
            
            
            
            
            
            
            
          </div>
        </div>

        
        
        
        
        
      </div>
    </div>

    
      <div class="children bg-grey-lightest py-4 rounded">
        
          
            
              

<div class="bg-grey-lightest pl-8 pr-8 rounded">
  <div class="">
    <div class=" flex property">
      <div class="pr-4" style="margin-top:-2px; min-width: 25%;">
        <span class="text-sm" style="word-break: break-word;">id</span>
        
        
          <div class="text-red-dark text-xs">required</div>
        
        
      </div>

      <div>
        <div class="capitalize text-sm text-teal font-bold">
          
string
          
          
          
          <div class="inline-block">
            
            
            
            
            
            
            
            
            
            
            
          </div>
        </div>

        
        
        
        
        
      </div>
    </div>

    
  </div>
</div>


            
          
            
              

<div class="bg-grey-lightest pl-8 pr-8 rounded">
  <div class="">
    <div class=" flex property">
      <div class="pr-4" style="margin-top:-2px; min-width: 25%;">
        <span class="text-sm" style="word-break: break-word;">name</span>
        
        
        
      </div>

      <div>
        <div class="capitalize text-sm text-teal font-bold">
          
string
          
          
          
          <div class="inline-block">
            
            
            
            
            
            
            
            
            
            
            
          </div>
        </div>

        
        
        
        
        
      </div>
    </div>

    
  </div>
</div>


            
          
            
              

<div class="bg-grey-lightest pl-8 pr-8 rounded">
  <div class="">
    <div class=" flex property">
      <div class="pr-4" style="margin-top:-2px; min-width: 25%;">
        <span class="text-sm" style="word-break: break-word;">age</span>
        
        
        
      </div>

      <div>
        <div class="capitalize text-sm text-teal font-bold">
          
integer
          
          
          
          <div class="inline-block">
            
            
            
            
            
            
            
            
            
            
            
          </div>
        </div>

        
        
        
        
        
      </div>
    </div>

    
  </div>
</div>


            
          
        

        
        

        

        
          
            <p class="pl-6 mb-2 mt-4 text-xs text-grey-darker">Additional properties are allowed.</p>
          
        

        

        

        
      </div>
    
  </div>
</div>


</div>


  
</div>


      
    </div>
  </div>
</div>
    </div>
    <div class="examples-panel absolute pin-t pin-r pin-b"></div>
  </div>
  <script src="js/highlight.min.js" type="application/javascript"></script>
  <script src="js/main.js" type="application/javascript"></script>
</body>
</html>