HTTP/1.1 200 OK
date: ...
server: uvicorn
content-type: application/x-yaml
content-length: 651

asyncapi: 2.0.0
channels:
  user/update:
    publish:
      message:
        $ref: '#/components/messages/UserUpdate'
    subscribe:
      message:
        $ref: '#/components/messages/UserUpdate'
      operationId: receive_user_update
components:
  messages:
    UserUpdate:
      name: userUpdate
      payload:
        properties:
          age:
            type: integer
          id:
            type: string
          name:
            type: string
        required:
        - id
        type: object
defaultContentType: application/json
info:
  title: User Events
  version: 1.0.0
servers:
  development:
    protocol: redis
    url: localhost
