HTTP/1.1 200 OK
date: ...
server: uvicorn
content-type: application/x-yaml
content-length: 833

asyncapi: 2.0.0
channels:
  user/update:
    description: Topic for user updates
    publish:
      message:
        $ref: '#/components/messages/UserUpdate'
    subscribe:
      message:
        $ref: '#/components/messages/UserUpdate'
      operationId: receive_user_update
components:
  messages:
    UserUpdate:
      name: userUpdate
      payload:
        properties:
          age:
            type: integer
          id:
            type: string
          name:
            type: string
        required:
        - id
        type: object
      summary: Inform about users updates
      title: User Update
defaultContentType: application/json
info:
  description: API do manage users
  title: User API
  version: 1.0.0
servers:
  development:
    description: Development Broker Server
    protocol: redis
    url: localhost
